Using pre-set license
Built from '2020.3/staging' branch; Version is '2020.3.19f1 (68f137dc9bbe) revision 6877495'; Using compiler version '192528614'; Build Type 'Release'
OS: 'Windows 10 Pro; OS build 19043.1706; Version 2009; 64bit' Language: 'ko' Physical Memory: 16346 MB
BatchMode: 1, IsHumanControllingUs: 0, StartBugReporterOnCrash: 0, Is64bit: 1, IsPro: 0

COMMAND LINE ARGUMENTS:
D:\2020.3.19f1\Editor\Unity.exe
-adb2
-batchMode
-noUpm
-name
AssetImportWorker0
-projectPath
D:/git/CapstoneProject-2022-1/CatTail NyangTale
-logFile
Logs/AssetImportWorker0.log
-srvPort
57577
Successfully changed project path to: D:/git/CapstoneProject-2022-1/CatTail NyangTale
D:/git/CapstoneProject-2022-1/CatTail NyangTale
Using Asset Import Pipeline V2.
Refreshing native plugins compatible for Editor in 93.68 ms, found 5 plugins.
Preloading 0 native plugins for Editor in 0.00 ms.
Initialize engine version: 2020.3.19f1 (68f137dc9bbe)
[Subsystems] Discovering subsystems at path D:/2020.3.19f1/Editor/Data/Resources/UnitySubsystems
[Subsystems] Discovering subsystems at path D:/git/CapstoneProject-2022-1/CatTail NyangTale/Assets
GfxDevice: creating device client; threaded=0
Direct3D:
    Version:  Direct3D 11.0 [level 11.1]
    Renderer: NVIDIA GeForce GTX 1050 (ID=0x1c81)
    Vendor:   
    VRAM:     1977 MB
    Driver:   27.21.14.5671
Initialize mono
Mono path[0] = 'D:/2020.3.19f1/Editor/Data/Managed'
Mono path[1] = 'D:/2020.3.19f1/Editor/Data/MonoBleedingEdge/lib/mono/unityjit'
Mono config path = 'D:/2020.3.19f1/Editor/Data/MonoBleedingEdge/etc'
Using monoOptions --debugger-agent=transport=dt_socket,embedding=1,server=y,suspend=n,address=127.0.0.1:56536
Begin MonoManager ReloadAssembly
Registering precompiled unity dll's ...
Register platform support module: D:/2020.3.19f1/Editor/Data/PlaybackEngines/WindowsStandaloneSupport/UnityEditor.WindowsStandalone.Extensions.dll
Registered in 0.001823 seconds.
Native extension for WindowsStandalone target not found
Refreshing native plugins compatible for Editor in 53.53 ms, found 5 plugins.
Preloading 0 native plugins for Editor in 0.00 ms.
Mono: successfully reloaded assembly
- Completed reload, in  4.284 seconds
Domain Reload Profiling:
	ReloadAssembly (4285ms)
		BeginReloadAssembly (132ms)
			ExecutionOrderSort (0ms)
			DisableScriptedObjects (0ms)
			BackupInstance (0ms)
			ReleaseScriptingObjects (0ms)
			CreateAndSetChildDomain (3ms)
		EndReloadAssembly (550ms)
			LoadAssemblies (128ms)
			RebuildTransferFunctionScriptingTraits (0ms)
			SetupTypeCache (188ms)
			ReleaseScriptCaches (0ms)
			RebuildScriptCaches (35ms)
			SetupLoadedEditorAssemblies (207ms)
				LogAssemblyErrors (0ms)
				InitializePlatformSupportModulesInManaged (4ms)
				SetLoadedEditorAssemblies (0ms)
				RefreshPlugins (54ms)
				BeforeProcessingInitializeOnLoad (21ms)
				ProcessInitializeOnLoadAttributes (95ms)
				ProcessInitializeOnLoadMethodAttributes (33ms)
				AfterProcessingInitializeOnLoad (0ms)
				EditorAssembliesLoaded (0ms)
			ExecutionOrderSort2 (0ms)
			AwakeInstancesAfterBackupRestoration (0ms)
Platform modules already initialized, skipping
Registering precompiled user dll's ...
Registered in 0.016371 seconds.
Begin MonoManager ReloadAssembly
Native extension for WindowsStandalone target not found
Refreshing native plugins compatible for Editor in 1.02 ms, found 5 plugins.
Preloading 0 native plugins for Editor in 0.00 ms.
Mono: successfully reloaded assembly
- Completed reload, in  1.432 seconds
Domain Reload Profiling:
	ReloadAssembly (1433ms)
		BeginReloadAssembly (243ms)
			ExecutionOrderSort (0ms)
			DisableScriptedObjects (5ms)
			BackupInstance (0ms)
			ReleaseScriptingObjects (0ms)
			CreateAndSetChildDomain (23ms)
		EndReloadAssembly (1112ms)
			LoadAssemblies (187ms)
			RebuildTransferFunctionScriptingTraits (0ms)
			SetupTypeCache (412ms)
			ReleaseScriptCaches (0ms)
			RebuildScriptCaches (50ms)
			SetupLoadedEditorAssemblies (392ms)
				LogAssemblyErrors (0ms)
				InitializePlatformSupportModulesInManaged (7ms)
				SetLoadedEditorAssemblies (0ms)
				RefreshPlugins (1ms)
				BeforeProcessingInitializeOnLoad (88ms)
				ProcessInitializeOnLoadAttributes (287ms)
				ProcessInitializeOnLoadMethodAttributes (5ms)
				AfterProcessingInitializeOnLoad (3ms)
				EditorAssembliesLoaded (0ms)
			ExecutionOrderSort2 (0ms)
			AwakeInstancesAfterBackupRestoration (8ms)
Platform modules already initialized, skipping
========================================================================
Worker process is ready to serve import requests
Launched and connected shader compiler UnityShaderCompiler.exe after 0.12 seconds
Refreshing native plugins compatible for Editor in 0.99 ms, found 5 plugins.
Preloading 0 native plugins for Editor in 0.00 ms.
Unloading 1548 Unused Serialized files (Serialized files now loaded: 0)
System memory in use before: 87.1 MB.
System memory in use after: 87.2 MB.

Unloading 102 unused Assets to reduce memory usage. Loaded Objects now: 1927.
Total: 3.833600 ms (FindLiveObjects: 0.289500 ms CreateObjectMapping: 0.074500 ms MarkObjects: 3.348800 ms  DeleteObjects: 0.119600 ms)

AssetImportParameters requested are different than current active one (requested -> active):
  custom:framework-win-MediaFoundation: 216162199b28c13a410421893ffa2e32 -> 
  custom:video-decoder-ogg-theora: a1e56fd34408186e4bbccfd4996cb3dc -> 
  custom:container-muxer-webm: aa71ff27fc2769a1b78a27578f13a17b -> 
  custom:container-demuxer-webm: 4f35f7cbe854078d1ac9338744f61a02 -> 
  custom:container-demuxer-ogg: 62fdf1f143b41e24485cea50d1cbac27 -> 
  custom:video-encoder-webm-vp8: eb34c28f22e8b96e1ab97ce403110664 -> 
  custom:video-codec-MediaFoundation-h265: 746d11721c4dcdbdad8f713fa42b33f4 -> 
  custom:video-decoder-webm-vp8: 9c59270c3fd7afecdb556c50c9e8de78 -> 
  custom:audio-decoder-ogg-vorbis: bf7c407c2cedff20999df2af8eb42d56 -> 
  custom:audio-encoder-webm-vorbis: bf7c407c2cedff20999df2af8eb42d56 -> 
========================================================================
Received Import Request.
  path: Assets/Scenes/MainGameScene.unity
  artifactKey: Guid(d249b076438bb61409864f7119883fc9) Importer(815301076,1909f56bfc062723c751e8b465ee728b)
Start importing Assets/Scenes/MainGameScene.unity using Guid(d249b076438bb61409864f7119883fc9) Importer(815301076,1909f56bfc062723c751e8b465ee728b)  -> (artifact id: '8e029869f495631232902b0b48f552c7') in 0.019942 seconds 
  Import took 0.034858 seconds .

========================================================================
Received Import Request.
  Time since last request: 412.210332 seconds.
  path: Assets/Scenes/stage2.unity
  artifactKey: Guid(10fa517f07c08bd49b32719610804228) Importer(815301076,1909f56bfc062723c751e8b465ee728b)
Start importing Assets/Scenes/stage2.unity using Guid(10fa517f07c08bd49b32719610804228) Importer(815301076,1909f56bfc062723c751e8b465ee728b)  -> (artifact id: '8d866827ff667f8d617ce028e3f05b10') in 0.009290 seconds 
  Import took 0.031836 seconds .

========================================================================
Received Import Request.
  Time since last request: 2.417437 seconds.
  path: Assets/Scenes/MainGameScene.unity
  artifactKey: Guid(d249b076438bb61409864f7119883fc9) Importer(815301076,1909f56bfc062723c751e8b465ee728b)
Start importing Assets/Scenes/MainGameScene.unity using Guid(d249b076438bb61409864f7119883fc9) Importer(815301076,1909f56bfc062723c751e8b465ee728b)  -> (artifact id: '515ef9e3b19d1926ce1c04928cb96abb') in 0.025304 seconds 
  Import took 0.027889 seconds .

========================================================================
Received Import Request.
  Time since last request: 40.915551 seconds.
  path: Assets/Scenes/stage3.unity
  artifactKey: Guid(f8ef2234411688c40b75c9d1c696a10b) Importer(815301076,1909f56bfc062723c751e8b465ee728b)
Start importing Assets/Scenes/stage3.unity using Guid(f8ef2234411688c40b75c9d1c696a10b) Importer(815301076,1909f56bfc062723c751e8b465ee728b)  -> (artifact id: '3c4b727f658ccee482d4eec7d4ccbb14') in 0.010826 seconds 
  Import took 0.016117 seconds .

========================================================================
Received Import Request.
  Time since last request: 30.609320 seconds.
  path: Assets/Scenes/JoinScene.unity
  artifactKey: Guid(e8d51a0b684637e4dbc4219eb3438837) Importer(815301076,1909f56bfc062723c751e8b465ee728b)
Start importing Assets/Scenes/JoinScene.unity using Guid(e8d51a0b684637e4dbc4219eb3438837) Importer(815301076,1909f56bfc062723c751e8b465ee728b)  -> (artifact id: 'a2a8a94fa98923792e697338be2d40f3') in 0.009558 seconds 
  Import took 0.012268 seconds .

========================================================================
Received Import Request.
  Time since last request: 10.653581 seconds.
  path: Assets/Scenes/MainGameScene.unity
  artifactKey: Guid(d249b076438bb61409864f7119883fc9) Importer(815301076,1909f56bfc062723c751e8b465ee728b)
Start importing Assets/Scenes/MainGameScene.unity using Guid(d249b076438bb61409864f7119883fc9) Importer(815301076,1909f56bfc062723c751e8b465ee728b)  -> (artifact id: 'ab467fe7ccbc0f2c5e98a37b25ffb718') in 0.005297 seconds 
  Import took 0.008495 seconds .

========================================================================
Received Import Request.
  Time since last request: 7.183945 seconds.
  path: Assets/Scenes/EndScene.unity
  artifactKey: Guid(93818ce6d89d21842b3716482edb3e36) Importer(815301076,1909f56bfc062723c751e8b465ee728b)
Start importing Assets/Scenes/EndScene.unity using Guid(93818ce6d89d21842b3716482edb3e36) Importer(815301076,1909f56bfc062723c751e8b465ee728b)  -> (artifact id: '6342439f2b33888eb7ca81db5b10ffdd') in 0.009624 seconds 
  Import took 0.015200 seconds .

========================================================================
Received Import Request.
  Time since last request: 16.515643 seconds.
  path: Assets/Scenes/LoginScene.unity
  artifactKey: Guid(da7c984a7babc794a9a5f7d3df7cfcc5) Importer(815301076,1909f56bfc062723c751e8b465ee728b)
Start importing Assets/Scenes/LoginScene.unity using Guid(da7c984a7babc794a9a5f7d3df7cfcc5) Importer(815301076,1909f56bfc062723c751e8b465ee728b)  -> (artifact id: '69c3781a0904850776e7da36dd302837') in 0.009718 seconds 
  Import took 0.013034 seconds .

========================================================================
Received Import Request.
  Time since last request: 17.123383 seconds.
  path: Assets/Scenes/LoadingScene.unity
  artifactKey: Guid(878ba4fb451d9104b800178a8d032484) Importer(815301076,1909f56bfc062723c751e8b465ee728b)
Start importing Assets/Scenes/LoadingScene.unity using Guid(878ba4fb451d9104b800178a8d032484) Importer(815301076,1909f56bfc062723c751e8b465ee728b)  -> (artifact id: 'b44743514b5193b17f3432bc466381fa') in 0.008950 seconds 
  Import took 0.011772 seconds .

========================================================================
Received Import Request.
  Time since last request: 0.347034 seconds.
  path: Assets/Scenes/JoinScene.unity
  artifactKey: Guid(e8d51a0b684637e4dbc4219eb3438837) Importer(815301076,1909f56bfc062723c751e8b465ee728b)
Start importing Assets/Scenes/JoinScene.unity using Guid(e8d51a0b684637e4dbc4219eb3438837) Importer(815301076,1909f56bfc062723c751e8b465ee728b)  -> (artifact id: 'b3cc9bd957957f2a3fd6e65b6d224a94') in 0.004947 seconds 
  Import took 0.008785 seconds .

========================================================================
Received Import Request.
  Time since last request: 0.312456 seconds.
  path: Assets/Scenes/EndScene.unity
  artifactKey: Guid(93818ce6d89d21842b3716482edb3e36) Importer(815301076,1909f56bfc062723c751e8b465ee728b)
Start importing Assets/Scenes/EndScene.unity using Guid(93818ce6d89d21842b3716482edb3e36) Importer(815301076,1909f56bfc062723c751e8b465ee728b)  -> (artifact id: 'fe68bcc9b54e0c905b7d5b4e25c25ca0') in 0.005405 seconds 
  Import took 0.007988 seconds .

========================================================================
Received Import Request.
  Time since last request: 0.301773 seconds.
  path: Assets/Scenes/Chanwoo.unity
  artifactKey: Guid(fb9c297c74bcc194ea664978f4952e72) Importer(815301076,1909f56bfc062723c751e8b465ee728b)
Start importing Assets/Scenes/Chanwoo.unity using Guid(fb9c297c74bcc194ea664978f4952e72) Importer(815301076,1909f56bfc062723c751e8b465ee728b)  -> (artifact id: '1a9dc64057689cb5c3ccaab685f871bf') in 0.008465 seconds 
  Import took 0.031044 seconds .

========================================================================
Received Import Request.
  Time since last request: 0.282022 seconds.
  path: Assets/Scenes/LoginScene.unity
  artifactKey: Guid(da7c984a7babc794a9a5f7d3df7cfcc5) Importer(815301076,1909f56bfc062723c751e8b465ee728b)
Start importing Assets/Scenes/LoginScene.unity using Guid(da7c984a7babc794a9a5f7d3df7cfcc5) Importer(815301076,1909f56bfc062723c751e8b465ee728b)  -> (artifact id: '6531a5ba204e9f1e28828be76e313aee') in 0.005112 seconds 
  Import took 0.013893 seconds .

========================================================================
Received Prepare
Refreshing native plugins compatible for Editor in 49.99 ms, found 5 plugins.
Preloading 0 native plugins for Editor in 0.00 ms.
Unloading 95 Unused Serialized files (Serialized files now loaded: 0)
System memory in use before: 58.1 MB.
System memory in use after: 58.2 MB.

Unloading 95 unused Assets to reduce memory usage. Loaded Objects now: 1927.
Total: 5.376700 ms (FindLiveObjects: 0.398100 ms CreateObjectMapping: 0.069300 ms MarkObjects: 4.864400 ms  DeleteObjects: 0.042700 ms)

AssetImportParameters requested are different than current active one (requested -> active):
  custom:framework-win-MediaFoundation: 216162199b28c13a410421893ffa2e32 -> 
  custom:video-decoder-ogg-theora: a1e56fd34408186e4bbccfd4996cb3dc -> 
  custom:container-muxer-webm: aa71ff27fc2769a1b78a27578f13a17b -> 
  custom:container-demuxer-webm: 4f35f7cbe854078d1ac9338744f61a02 -> 
  custom:container-demuxer-ogg: 62fdf1f143b41e24485cea50d1cbac27 -> 
  custom:video-encoder-webm-vp8: eb34c28f22e8b96e1ab97ce403110664 -> 
  custom:video-codec-MediaFoundation-h265: 746d11721c4dcdbdad8f713fa42b33f4 -> 
  custom:video-decoder-webm-vp8: 9c59270c3fd7afecdb556c50c9e8de78 -> 
  custom:audio-decoder-ogg-vorbis: bf7c407c2cedff20999df2af8eb42d56 -> 
  custom:audio-encoder-webm-vorbis: bf7c407c2cedff20999df2af8eb42d56 -> 
AssetImportWorkerClient::OnTransportError - code=2 error=End of file
