Using pre-set license
Built from '2020.3/staging' branch; Version is '2020.3.19f1 (68f137dc9bbe) revision 6877495'; Using compiler version '192528614'; Build Type 'Release'
OS: 'Windows 10 Home; OS build 19044.1706; Version 2009; 64bit' Language: 'ko' Physical Memory: 8105 MB
BatchMode: 1, IsHumanControllingUs: 0, StartBugReporterOnCrash: 0, Is64bit: 1, IsPro: 0

COMMAND LINE ARGUMENTS:
C:\Program Files\Unity\Hub\Editor\2020.3.19f1\Editor\Unity.exe
-adb2
-batchMode
-noUpm
-name
AssetImportWorker1
-projectPath
C:/Users/yejin/Desktop/Unity/CapstoneProject-2022-1/CatTail NyangTale
-logFile
Logs/AssetImportWorker1.log
-srvPort
53905
Successfully changed project path to: C:/Users/yejin/Desktop/Unity/CapstoneProject-2022-1/CatTail NyangTale
C:/Users/yejin/Desktop/Unity/CapstoneProject-2022-1/CatTail NyangTale
Using Asset Import Pipeline V2.
